<?xml version="1.0" encoding="UTF-8"?>
<!-- Generated by org.testng.reporters.JUnitReportReporter -->
<testsuite skipped="0" hostname="ALWINs-MacBook-Air.local" name="endtoend.TC01" tests="1" failures="0" timestamp="2020-01-05T15:26:24 EST" time="0.002" errors="0">
  <testcase name="testone" time="0.002" classname="endtoend.TC01"/>
</testsuite> <!-- endtoend.TC01 -->
