<?xml version="1.0" encoding="UTF-8"?>
<!-- Generated by org.testng.reporters.JUnitReportReporter -->
<testsuite skipped="0" hostname="ALWINs-MacBook-Air.local" name="endtoend.TC01" tests="1" failures="0" timestamp="2020-03-21T11:56:48 EDT" time="0.028" errors="0">
  <testcase name="testone" time="0.028" classname="endtoend.TC01"/>
</testsuite> <!-- endtoend.TC01 -->
