<?xml version="1.0" encoding="UTF-8"?>
<!-- Generated by org.testng.reporters.JUnitReportReporter -->
<testsuite skipped="0" hostname="ALWINs-MacBook-Air.local" name="endtoend.TC03" tests="1" failures="0" timestamp="2020-01-05T15:26:24 EST" time="0.011" errors="0">
  <testcase name="testthree" time="0.011" classname="endtoend.TC03"/>
</testsuite> <!-- endtoend.TC03 -->
