<?xml version="1.0" encoding="UTF-8"?>
<!-- Generated by org.testng.reporters.JUnitReportReporter -->
<testsuite skipped="0" hostname="ALWINs-MacBook-Air.local" name="endtoend.TC03" tests="1" failures="0" timestamp="2020-03-21T11:56:48 EDT" time="0.002" errors="0">
  <testcase name="testthree" time="0.002" classname="endtoend.TC03"/>
</testsuite> <!-- endtoend.TC03 -->
