<?xml version="1.0" encoding="UTF-8"?>
<!-- Generated by org.testng.reporters.JUnitReportReporter -->
<testsuite skipped="0" hostname="ALWINs-MacBook-Air.local" name="endtoend.TC02" tests="1" failures="0" timestamp="2020-01-05T15:26:24 EST" time="0.026" errors="0">
  <testcase name="testtwo" time="0.026" classname="endtoend.TC02"/>
</testsuite> <!-- endtoend.TC02 -->
