<?xml version="1.0" encoding="UTF-8"?>
<!-- Generated by org.testng.reporters.JUnitReportReporter -->
<testsuite skipped="0" hostname="ALWINs-MacBook-Air.local" name="endtoend.TC02" tests="1" failures="0" timestamp="2020-03-21T11:56:48 EDT" time="0.006" errors="0">
  <testcase name="testtwo" time="0.006" classname="endtoend.TC02"/>
</testsuite> <!-- endtoend.TC02 -->
